\BOOKMARK [1][-]{section.1}{\376\377\000I\000n\000t\000r\000o\000d\000u\000c\000t\000i\000o\000n}{}% 1
\BOOKMARK [1][-]{section.2}{\376\377\000R\000e\000l\000a\000t\000e\000d\000\040\000W\000o\000r\000k}{}% 2
\BOOKMARK [1][-]{section.3}{\376\377\000P\000r\000o\000b\000l\000e\000m\000\040\000D\000e\000f\000i\000n\000i\000t\000i\000o\000n}{}% 3
\BOOKMARK [2][-]{subsection.3.1}{\376\377\000E\000n\000v\000i\000r\000o\000n\000m\000e\000n\000t\000\040\000a\000n\000d\000\040\000T\000a\000s\000k\000\040\000C\000a\000r\000d}{section.3}% 4
\BOOKMARK [2][-]{subsection.3.2}{\376\377\000E\000n\000v\000i\000r\000o\000n\000m\000e\000n\000t\000\040\000C\000a\000p\000a\000b\000i\000l\000i\000t\000y\000\040\000P\000r\000o\000f\000i\000l\000e}{section.3}% 5
\BOOKMARK [2][-]{subsection.3.3}{\376\377\000T\000y\000p\000e\000d\000\040\000S\000k\000i\000l\000l\000\040\000I\000R}{section.3}% 6
\BOOKMARK [2][-]{subsection.3.4}{\376\377\000C\000o\000m\000p\000i\000l\000e\040\023\000E\000x\000e\000c\000u\000t\000e\040\023\000O\000p\000t\000i\000m\000i\000z\000e\000\040\000L\000o\000o\000p}{section.3}% 7
\BOOKMARK [2][-]{subsection.3.5}{\376\377\000O\000p\000t\000i\000m\000i\000z\000a\000t\000i\000o\000n\000\040\000O\000b\000j\000e\000c\000t\000i\000v\000e}{section.3}% 8
\BOOKMARK [1][-]{section.4}{\376\377\000M\000e\000t\000h\000o\000d}{}% 9
\BOOKMARK [2][-]{subsection.4.1}{\376\377\000O\000v\000e\000r\000v\000i\000e\000w}{section.4}% 10
\BOOKMARK [2][-]{subsection.4.2}{\376\377\000C\000o\000n\000s\000t\000r\000a\000i\000n\000t\000-\000A\000w\000a\000r\000e\000\040\000S\000k\000i\000l\000l\000\040\000C\000o\000m\000p\000i\000l\000a\000t\000i\000o\000n}{section.4}% 11
\BOOKMARK [2][-]{subsection.4.3}{\376\377\000R\000i\000s\000k\000-\000B\000u\000d\000g\000e\000t\000\040\000G\000a\000t\000e\000d\000\040\000E\000x\000e\000c\000u\000t\000i\000o\000n}{section.4}% 12
\BOOKMARK [3][-]{subsubsection.4.3.1}{\376\377\000R\000i\000s\000k\000\040\000F\000u\000n\000c\000t\000i\000o\000n}{subsection.4.3}% 13
\BOOKMARK [3][-]{subsubsection.4.3.2}{\376\377\000A\000d\000a\000p\000t\000i\000v\000e\000\040\000R\000i\000s\000k\000\040\000W\000e\000i\000g\000h\000t\000s}{subsection.4.3}% 14
\BOOKMARK [3][-]{subsubsection.4.3.3}{\376\377\000G\000a\000t\000i\000n\000g\000\040\000L\000o\000g\000i\000c}{subsection.4.3}% 15
\BOOKMARK [2][-]{subsection.4.4}{\376\377\000H\000i\000d\000d\000e\000n\000\040\000M\000u\000l\000t\000i\000-\000S\000i\000g\000n\000a\000l\000\040\000V\000e\000r\000i\000f\000i\000c\000a\000t\000i\000o\000n}{section.4}% 16
\BOOKMARK [2][-]{subsection.4.5}{\376\377\000S\000t\000r\000u\000c\000t\000u\000r\000e\000d\000\040\000F\000a\000i\000l\000u\000r\000e\000-\000D\000r\000i\000v\000e\000n\000\040\000O\000p\000t\000i\000m\000i\000z\000a\000t\000i\000o\000n}{section.4}% 17
\BOOKMARK [2][-]{subsection.4.6}{\376\377\000C\000o\000m\000p\000l\000e\000t\000e\000\040\000A\000l\000g\000o\000r\000i\000t\000h\000m}{section.4}% 18
\BOOKMARK [1][-]{section.5}{\376\377\000E\000x\000p\000e\000r\000i\000m\000e\000n\000t\000s}{}% 19
\BOOKMARK [2][-]{subsection.5.1}{\376\377\000S\000e\000t\000u\000p}{section.5}% 20
\BOOKMARK [2][-]{subsection.5.2}{\376\377\000B\000a\000s\000e\000l\000i\000n\000e\000s\000\040\000a\000n\000d\000\040\000A\000b\000l\000a\000t\000i\000o\000n\000s}{section.5}% 21
\BOOKMARK [2][-]{subsection.5.3}{\376\377\000M\000a\000i\000n\000\040\000R\000e\000s\000u\000l\000t\000s\000\040\000\050\000R\000Q\0001\000\051}{section.5}% 22
\BOOKMARK [2][-]{subsection.5.4}{\376\377\000C\000r\000o\000s\000s\000-\000D\000o\000m\000a\000i\000n\000\040\000C\000o\000n\000s\000i\000s\000t\000e\000n\000c\000y\000\040\000\050\000R\000Q\0003\000\051}{section.5}% 23
\BOOKMARK [2][-]{subsection.5.5}{\376\377\000S\000a\000f\000e\000t\000y\000\040\000A\000n\000a\000l\000y\000s\000i\000s\000:\000\040\000M\000u\000t\000a\000t\000i\000n\000g\000\040\000T\000a\000s\000k}{section.5}% 24
\BOOKMARK [2][-]{subsection.5.6}{\376\377\000E\000x\000e\000c\000u\000t\000i\000o\000n\000\040\000E\000f\000f\000i\000c\000i\000e\000n\000c\000y}{section.5}% 25
\BOOKMARK [2][-]{subsection.5.7}{\376\377\000S\000k\000i\000l\000l\000\040\000O\000p\000t\000i\000m\000i\000z\000a\000t\000i\000o\000n\000\040\000B\000e\000f\000o\000r\000e\000\040\000v\000s\000.\000\040\000A\000f\000t\000e\000r\000\040\000\050\000R\000Q\0004\000\051}{section.5}% 26
\BOOKMARK [2][-]{subsection.5.8}{\376\377\000U\000n\000i\000f\000i\000e\000d\000\040\000E\000v\000a\000l\000u\000a\000t\000i\000o\000n\000\040\000M\000e\000t\000r\000i\000c\000s}{section.5}% 27
\BOOKMARK [2][-]{subsection.5.9}{\376\377\000P\000e\000r\000-\000T\000a\000s\000k\000\040\000F\000i\000n\000e\000-\000G\000r\000a\000i\000n\000e\000d\000\040\000A\000n\000a\000l\000y\000s\000i\000s}{section.5}% 28
\BOOKMARK [2][-]{subsection.5.10}{\376\377\000W\000e\000i\000g\000h\000t\000\040\000S\000e\000n\000s\000i\000t\000i\000v\000i\000t\000y\000\040\000A\000n\000a\000l\000y\000s\000i\000s\000\040\000\050\000R\000Q\0005\000\051}{section.5}% 29
\BOOKMARK [2][-]{subsection.5.11}{\376\377\000C\000a\000s\000e\000\040\000S\000t\000u\000d\000i\000e\000s\000:\000\040\000O\000p\000s\000S\000k\000i\000l\000l\000\040\000E\000n\000d\000-\000t\000o\000-\000E\000n\000d\000\040\000P\000r\000o\000c\000e\000s\000s}{section.5}% 30
\BOOKMARK [3][-]{subsubsection.5.11.1}{\376\377\000C\000a\000s\000e\000\040\0001\000:\000\040\000D\000e\000t\000e\000c\000t\000i\000o\000n\040\023\000D\000i\000a\000g\000n\000o\000s\000i\000s\040\023\000R\000e\000c\000o\000v\000e\000r\000y\000\040\000u\000n\000d\000e\000r\000\040\000C\000P\000U\000\040\000S\000t\000r\000e\000s\000s}{subsection.5.11}% 31
\BOOKMARK [3][-]{subsubsection.5.11.2}{\376\377\000C\000a\000s\000e\000\040\0002\000:\000\040\000R\000B\000A\000C\000\040\000O\000p\000t\000i\000m\000i\000z\000a\000t\000i\000o\000n\000\040\000L\000o\000o\000p}{subsection.5.11}% 32
\BOOKMARK [3][-]{subsubsection.5.11.3}{\376\377\000C\000a\000s\000e\000\040\0003\000:\000\040\000R\000o\000l\000l\000o\000u\000t\000\040\000T\000i\000m\000e\000o\000u\000t\000\040\000R\000o\000l\000l\000b\000a\000c\000k\000\040\000E\000n\000h\000a\000n\000c\000e\000m\000e\000n\000t}{subsection.5.11}% 33
\BOOKMARK [2][-]{subsection.5.12}{\376\377\000E\000x\000p\000e\000r\000i\000m\000e\000n\000t\000a\000l\000\040\000F\000i\000g\000u\000r\000e\000s}{section.5}% 34
\BOOKMARK [1][-]{section.6}{\376\377\000D\000i\000s\000c\000u\000s\000s\000i\000o\000n}{}% 35
\BOOKMARK [2][-]{subsection.6.1}{\376\377\000W\000h\000y\000\040\000S\000t\000r\000u\000c\000t\000u\000r\000e\000d\000\040\000I\000R\000\040\000O\000u\000t\000p\000e\000r\000f\000o\000r\000m\000s\000\040\000F\000r\000e\000e\000-\000T\000e\000x\000t\000\040\000R\000e\000a\000s\000o\000n\000i\000n\000g}{section.6}% 36
\BOOKMARK [2][-]{subsection.6.2}{\376\377\000S\000a\000f\000e\000t\000y\040\023\000E\000f\000f\000i\000c\000i\000e\000n\000c\000y\000\040\000T\000r\000a\000d\000e\000-\000o\000f\000f}{section.6}% 37
\BOOKMARK [2][-]{subsection.6.3}{\376\377\000V\000a\000l\000u\000e\000\040\000o\000f\000\040\000S\000t\000r\000u\000c\000t\000u\000r\000e\000d\000\040\000F\000a\000i\000l\000u\000r\000e\000-\000D\000r\000i\000v\000e\000n\000\040\000O\000p\000t\000i\000m\000i\000z\000a\000t\000i\000o\000n}{section.6}% 38
\BOOKMARK [2][-]{subsection.6.4}{\376\377\000E\000v\000a\000l\000u\000a\000t\000i\000o\000n\000\040\000F\000a\000i\000r\000n\000e\000s\000s}{section.6}% 39
\BOOKMARK [2][-]{subsection.6.5}{\376\377\000L\000i\000m\000i\000t\000a\000t\000i\000o\000n\000s}{section.6}% 40
\BOOKMARK [2][-]{subsection.6.6}{\376\377\000T\000h\000r\000e\000a\000t\000s\000\040\000t\000o\000\040\000V\000a\000l\000i\000d\000i\000t\000y}{section.6}% 41
\BOOKMARK [1][-]{section.7}{\376\377\000C\000o\000n\000c\000l\000u\000s\000i\000o\000n}{}% 42
\BOOKMARK [1][-]{section*.23}{\376\377\000R\000e\000f\000e\000r\000e\000n\000c\000e\000s}{}% 43
