\BOOKMARK [1][-]{section.1}{\376\377\137\025\212\000}{}% 1
\BOOKMARK [1][-]{section.2}{\376\377\166\370\121\163\135\345\117\134}{}% 2
\BOOKMARK [1][-]{section.3}{\376\377\225\356\230\230\133\232\116\111}{}% 3
\BOOKMARK [2][-]{subsection.3.1}{\376\377\163\257\130\203\116\016\116\373\122\241\123\141}{section.3}% 4
\BOOKMARK [2][-]{subsection.3.2}{\376\377\163\257\130\203\200\375\122\233\165\073\120\317}{section.3}% 5
\BOOKMARK [2][-]{subsection.3.3}{\376\377\142\200\200\375\210\150\171\072}{section.3}% 6
\BOOKMARK [2][-]{subsection.3.4}{\376\377\142\200\200\375\177\026\213\321\000-\142\147\210\114\000-\117\030\123\026\225\355\163\257}{section.3}% 7
\BOOKMARK [2][-]{subsection.3.5}{\376\377\117\030\123\026\166\356\150\007}{section.3}% 8
\BOOKMARK [1][-]{section.4}{\376\377\145\271\154\325}{}% 9
\BOOKMARK [2][-]{subsection.4.1}{\376\377\145\271\154\325\151\202\211\310}{section.4}% 10
\BOOKMARK [2][-]{subsection.4.2}{\376\377\176\246\147\137\141\037\167\345\142\200\200\375\177\026\213\321}{section.4}% 11
\BOOKMARK [2][-]{subsection.4.3}{\376\377\230\316\226\151\230\204\173\227\225\350\143\247\142\147\210\114}{section.4}% 12
\BOOKMARK [3][-]{subsubsection.4.3.1}{\376\377\230\316\226\151\121\375\145\160}{subsection.4.3}% 13
\BOOKMARK [3][-]{subsubsection.4.3.2}{\376\377\201\352\220\002\136\224\230\316\226\151\147\103\221\315}{subsection.4.3}% 14
\BOOKMARK [3][-]{subsubsection.4.3.3}{\376\377\225\350\143\247\126\150}{subsection.4.3}% 15
\BOOKMARK [2][-]{subsection.4.4}{\376\377\226\220\205\317\131\032\117\341\123\367\232\214\213\301\126\150}{section.4}% 16
\BOOKMARK [2][-]{subsection.4.5}{\376\377\176\323\147\204\123\026\131\061\215\045\232\161\122\250\117\030\123\026}{section.4}% 17
\BOOKMARK [2][-]{subsection.4.6}{\376\377\133\214\145\164\173\227\154\325}{section.4}% 18
\BOOKMARK [1][-]{section.5}{\376\377\133\236\232\214}{}% 19
\BOOKMARK [2][-]{subsection.5.1}{\376\377\133\236\232\214\163\257\130\203}{section.5}% 20
\BOOKMARK [2][-]{subsection.5.2}{\376\377\127\372\176\277\116\016\155\210\207\215}{section.5}% 21
\BOOKMARK [2][-]{subsection.5.3}{\376\377\116\073\211\201\176\323\147\234\377\010\000R\000Q\0001\377\011}{section.5}% 22
\BOOKMARK [2][-]{subsection.5.4}{\376\377\215\350\127\337\116\000\201\364\140\047\377\010\000R\000Q\0003\377\011}{section.5}% 23
\BOOKMARK [2][-]{subsection.5.5}{\376\377\133\211\121\150\140\047\122\006\147\220\377\032\123\330\137\002\116\373\122\241}{section.5}% 24
\BOOKMARK [2][-]{subsection.5.6}{\376\377\142\147\210\114\145\110\163\207}{section.5}% 25
\BOOKMARK [2][-]{subsection.5.7}{\376\377\142\200\200\375\117\030\123\026\122\115\124\016\133\371\153\324\377\010\000R\000Q\0004\377\011}{section.5}% 26
\BOOKMARK [2][-]{subsection.5.8}{\376\377\176\337\116\000\213\304\117\060\143\007\150\007\122\006\147\220}{section.5}% 27
\BOOKMARK [2][-]{subsection.5.9}{\376\377\116\373\122\241\176\247\176\306\174\222\136\246\122\006\147\220}{section.5}% 28
\BOOKMARK [2][-]{subsection.5.10}{\376\377\213\304\122\006\147\103\221\315\145\117\141\037\140\047\122\006\147\220}{section.5}% 29
\BOOKMARK [2][-]{subsection.5.11}{\376\377\150\110\117\213\122\006\147\220\377\032\000O\000p\000s\000S\000k\000i\000l\000l\000\040\172\357\122\060\172\357\217\320\176\364\217\307\172\013}{section.5}% 30
\BOOKMARK [3][-]{subsubsection.5.11.1}{\376\377\150\110\117\213\116\000\377\032\000C\000P\000U\000\040\123\213\122\233\116\013\166\204\145\105\226\234\150\300\155\113\000-\213\312\145\255\000-\140\142\131\015}{subsection.5.11}% 31
\BOOKMARK [3][-]{subsubsection.5.11.2}{\376\377\150\110\117\213\116\214\377\032\000R\000B\000A\000C\000\040\147\103\226\120\116\015\215\263\127\072\146\157\116\013\166\204\142\200\200\375\117\030\123\026\225\355\163\257}{subsection.5.11}% 32
\BOOKMARK [3][-]{subsubsection.5.11.3}{\376\377\150\110\117\213\116\011\377\032\000R\000o\000l\000l\000o\000u\000t\000\040\215\205\145\366\127\072\146\157\116\013\166\204\126\336\156\332\130\236\137\072}{subsection.5.11}% 33
\BOOKMARK [2][-]{subsection.5.12}{\376\377\133\236\232\214\126\376\210\150}{section.5}% 34
\BOOKMARK [1][-]{section.6}{\376\377\213\250\213\272}{}% 35
\BOOKMARK [2][-]{subsection.6.1}{\376\377\116\072\116\300\116\110\176\323\147\204\123\026\000\040\000I\000R\000\040\153\324\201\352\165\061\145\207\147\054\143\250\164\006\146\364\147\011\145\110\377\037}{section.6}% 36
\BOOKMARK [2][-]{subsection.6.2}{\376\377\173\126\165\145\225\350\143\247\166\204\133\211\121\150\000-\145\110\200\375\147\103\210\141}{section.6}% 37
\BOOKMARK [2][-]{subsection.6.3}{\376\377\176\323\147\204\123\026\131\061\215\045\232\161\122\250\117\030\123\026\166\204\116\367\120\074}{section.6}% 38
\BOOKMARK [2][-]{subsection.6.4}{\376\377\213\304\117\060\145\271\154\325\213\272\166\204\121\154\136\163\140\047}{section.6}% 39
\BOOKMARK [2][-]{subsection.6.5}{\376\377\134\100\226\120\140\047}{section.6}% 40
\BOOKMARK [2][-]{subsection.6.6}{\376\377\133\371\147\011\145\110\140\047\166\204\132\001\200\301}{section.6}% 41
\BOOKMARK [1][-]{section.7}{\376\377\176\323\213\272}{}% 42
